C51 COMPILER V9.57.0.0   MAIN                                                              06/01/2023 22:24:05 PAGE 1   


C51 COMPILER V9.57.0.0, COMPILATION OF MODULE MAIN
OBJECT MODULE PLACED IN .\Objects\main.obj
COMPILER INVOKED BY: D:\Keil5_Mdk\C51\BIN\C51.EXE Application\main.c OPTIMIZE(8,SPEED) BROWSE INCDIR(..\key_scan;.\Key;.
                    -\usart;.\Timer;.\Application;.\DS18B20) DEBUG OBJECTEXTEND PRINT(.\Listings\main.lst) TABS(2) OBJECT(.\Objects\main.obj)

line level    source

   1          #include "reg51.h"
   2          #include <stdio.h>
   3          #include "usart.h"
   4          #include "Key.h"
   5          #include "Timer.h"
   6          // #include <REGX52.H>
   7          extern uint8_t keyvalue;
   8          extern Key_Info_t Key_Board;
   9          uint8_t TempValue = 0x00;
  10          
  11          int main()
  12          {
  13   1        interTimer0Init();
  14   1        UartInit();
  15   1        ScanKeyInit(&Key_Board);
  16   1        while (1)
  17   1        {
  18   2          TempValue = ReadTemperature();
*** WARNING C206 IN LINE 18 OF Application\main.c: 'ReadTemperature': missing function-prototype
  19   2          KeyValueProcess(keyvalue,&Key_Board);
  20   2          Key_Board.key_func(&Key_Board);
  21   2        }
  22   1      }


MODULE INFORMATION:   STATIC OVERLAYABLE
   CODE SIZE        =     48    ----
   CONSTANT SIZE    =   ----    ----
   XDATA SIZE       =   ----    ----
   PDATA SIZE       =   ----    ----
   DATA SIZE        =      1    ----
   IDATA SIZE       =   ----    ----
   BIT SIZE         =   ----    ----
END OF MODULE INFORMATION.


C51 COMPILATION COMPLETE.  1 WARNING(S),  0 ERROR(S)
