C51 COMPILER V9.57.0.0   TIMER                                                             06/17/2023 13:44:28 PAGE 1   


C51 COMPILER V9.57.0.0, COMPILATION OF MODULE TIMER
OBJECT MODULE PLACED IN .\Objects\Timer.obj
COMPILER INVOKED BY: D:\Keil5_Mdk\C51\BIN\C51.EXE Timer\Timer.c LARGE OPTIMIZE(8,SPEED) BROWSE INCDIR(..\key_scan;.\Key;
                    -.\usart;.\Timer;.\Application;.\DS18B20) DEBUG OBJECTEXTEND PRINT(.\Listings\Timer.lst) TABS(2) OBJECT(.\Objects\Timer.o
                    -bj)

line level    source

   1          #include "Timer.h"
   2          #include "Key.h"
   3          #include "Led.h"
*** WARNING C318 IN LINE 3 OF Timer\Timer.c: can't open file 'Led.h'
   4          uint16_t sysCount;
   5          uint8_t keyvalue;
   6          uint32_t systicks;
   7          uint32_t keyComNumber;
   8          bool isLeftModeFlag = false;
   9          static uint8_t lastKeyValue;
  10          void interTimer0Init(void)
  11          {
  12   1          TMOD |= 0x01;
  13   1          TH0 = (65536-1000)/256;
  14   1          TL0 = (65536-1000)%256;
  15   1          TH1 = 
  16   1          ET0 = 1;
  17   1          TR0 = 1;
  18   1          EA = 1;
  19   1      }
  20          
  21          void runAppLamp(void)
  22          {
  23   1          if((P2>>7)&1)
  24   1          {
  25   2              P2 &= ~(1<<7);
  26   2          }
  27   1          else
  28   1          {
  29   2              P2 |= (1<<7);
  30   2          }
  31   1      }
  32          
  33          void interrupt_timer1(void) interrupt 1
  34          {
  35   1          TH0 = (65536-1000)/256;    // 中断后，赋初值；
  36   1          TL0 = (65536-1000)%256;   
  37   1          if(!isLeftModeFlag)
  38   1          {
  39   2              keyvalue = getKeyValue();
  40   2          }
  41   1          else
  42   1          {
  43   2             keyvalue = getKeyValue2(); 
  44   2          }
  45   1          if(keyvalue != 0x00)
  46   1            isLeftModeFlag = ~isLeftModeFlag;
  47   1          if(lastKeyValue==keyvalue)
  48   1          {
  49   2             keyComNumber++; 
  50   2          }
  51   1          else
  52   1          {
C51 COMPILER V9.57.0.0   TIMER                                                             06/17/2023 13:44:28 PAGE 2   

  53   2              keyComNumber = 0;
  54   2          }
  55   1          sysCount++;       // 每次中断，计数 累加 1；
  56   1          systicks++;
  57   1          if(sysCount>=1000)
  58   1          {
  59   2            runAppLamp();     //运行灯
  60   2            sysCount = 0; 
  61   2          }
  62   1          //runLSD();
  63   1      }
  64          
  65          void tick_delay_Ms(uint32_t ms)
  66          {
  67   1        uint32_t timetemp;
  68   1        timetemp = systicks;
  69   1        while((timetemp-systicks) > ms);
  70   1      }
  71          
  72          void interrupt_timer3(void) interrupt 3
  73          {
  74   1        
  75   1      }


MODULE INFORMATION:   STATIC OVERLAYABLE
   CODE SIZE        =    257    ----
   CONSTANT SIZE    =   ----    ----
   XDATA SIZE       =      9       2
   PDATA SIZE       =   ----    ----
   DATA SIZE        =   ----    ----
   IDATA SIZE       =   ----    ----
   BIT SIZE         =   ----    ----
END OF MODULE INFORMATION.


C51 COMPILATION COMPLETE.  1 WARNING(S),  0 ERROR(S)
